<?xml version="1.0" encoding="UTF-8"?>
<!-- Generated by org.testng.reporters.JUnitReportReporter -->
<testsuite hostname="DESKTOP-7G633CK" failures="0" tests="1" name="com.obsqura.TestNGProject.TestNGAnnotations" time="0.018" errors="0" timestamp="2023-02-14T22:04:58 IST" skipped="0">
  <testcase classname="com.obsqura.TestNGProject.TestNGAnnotations" name="test" time="0.018"/>
  <system-out/>
</testsuite> <!-- com.obsqura.TestNGProject.TestNGAnnotations -->
