<?xml version="1.0" encoding="UTF-8"?>
<!-- Generated by org.testng.reporters.JUnitReportReporter -->
<testsuite hostname="DESKTOP-7G633CK" failures="0" tests="1" name="com.obsqura.TestNGProject.FindElementList" time="8.626" errors="0" timestamp="2023-03-01T20:32:40 IST" skipped="0">
  <testcase classname="com.obsqura.TestNGProject.FindElementList" name="findElementByList" time="8.626"/>
  <system-out/>
</testsuite> <!-- com.obsqura.TestNGProject.FindElementList -->
