<?xml version="1.0" encoding="UTF-8"?>
<!-- Generated by org.testng.reporters.JUnitReportReporter -->
<testsuite hostname="DESKTOP-7G633CK" failures="0" tests="6" name="com.obsqura.TestNGProject.LocatorsExample" time="62.207" errors="0" timestamp="2023-02-23T21:03:26 IST" skipped="0">
  <testcase classname="com.obsqura.TestNGProject.LocatorsExample" name="byXPath" time="9.166"/>
  <system-out/>
  <testcase classname="com.obsqura.TestNGProject.LocatorsExample" name="byCssSelectorTagAndAttribute" time="9.115"/>
  <system-out/>
  <testcase classname="com.obsqura.TestNGProject.LocatorsExample" name="byTagName" time="8.919"/>
  <system-out/>
  <testcase classname="com.obsqura.TestNGProject.LocatorsExample" name="byId" time="9.368"/>
  <system-out/>
  <testcase classname="com.obsqura.TestNGProject.LocatorsExample" name="byName" time="12.606"/>
  <system-out/>
  <testcase classname="com.obsqura.TestNGProject.LocatorsExample" name="byCssSelectorTagAndId" time="13.033"/>
  <system-out/>
</testsuite> <!-- com.obsqura.TestNGProject.LocatorsExample -->
