<?xml version="1.0" encoding="UTF-8"?>
<!-- Generated by org.testng.reporters.JUnitReportReporter -->
<testsuite hostname="DESKTOP-7G633CK" failures="0" tests="1" name="com.obsqura.TestNGProject.Assertions" time="15.659" errors="0" timestamp="2023-02-16T23:01:17 IST" skipped="0">
  <testcase classname="com.obsqura.TestNGProject.Assertions" name="getUrlCommand" time="15.659"/>
  <system-out/>
</testsuite> <!-- com.obsqura.TestNGProject.Assertions -->
