<?xml version="1.0" encoding="UTF-8"?>
<!-- Generated by org.testng.reporters.JUnitReportReporter -->
<testsuite hostname="DESKTOP-7G633CK" failures="0" tests="1" name="com.obsqura.TestNGProject.WebElementCommands" time="9.135" errors="0" timestamp="2023-03-01T20:57:47 IST" skipped="0">
  <testcase classname="com.obsqura.TestNGProject.WebElementCommands" name="verifyAlligmentOfGettotalButtonAndTexboxValueB" time="9.135"/>
  <system-out/>
</testsuite> <!-- com.obsqura.TestNGProject.WebElementCommands -->
