<?xml version="1.0" encoding="UTF-8"?>
<!-- Generated by org.testng.reporters.JUnitReportReporter -->
<testsuite hostname="DESKTOP-7G633CK" failures="0" tests="1" name="com.obsqura.TestNGProject.GetUrlCommand" time="10.259" errors="0" timestamp="2023-02-14T21:15:02 IST" skipped="0">
  <testcase classname="com.obsqura.TestNGProject.GetUrlCommand" name="getUrlCommand" time="10.259"/>
  <system-out/>
</testsuite> <!-- com.obsqura.TestNGProject.GetUrlCommand -->
