<?xml version="1.0" encoding="UTF-8"?>
<!-- Generated by org.testng.reporters.JUnitReportReporter -->
<testsuite hostname="DESKTOP-7G633CK" failures="0" tests="1" name="com.obsqura.TestNGProject.CheckBox" time="10.148" errors="0" timestamp="2023-03-03T08:09:41 IST" skipped="0">
  <testcase classname="com.obsqura.TestNGProject.CheckBox" name="checkBoxDemo" time="10.148"/>
  <system-out/>
</testsuite> <!-- com.obsqura.TestNGProject.CheckBox -->
