<?xml version="1.0" encoding="UTF-8"?>
<!-- Generated by org.testng.reporters.JUnitReportReporter -->
<testsuite hostname="DESKTOP-7G633CK" failures="0" tests="1" name="com.obsqura.TestNGProject.Locators" time="13.166" errors="0" timestamp="2023-02-22T22:52:19 IST" skipped="0">
  <testcase classname="com.obsqura.TestNGProject.Locators" name="locatorsByCssSelector" time="13.166"/>
  <system-out/>
</testsuite> <!-- com.obsqura.TestNGProject.Locators -->
