<?xml version="1.0" encoding="UTF-8"?>
<!-- Generated by org.testng.reporters.JUnitReportReporter -->
<testsuite hostname="DESKTOP-7G633CK" failures="0" tests="1" name="com.obsqura.TestNGProject.PageSourceCommand" time="12.770" errors="0" timestamp="2023-02-14T21:15:51 IST" skipped="0">
  <testcase classname="com.obsqura.TestNGProject.PageSourceCommand" name="getPageSourceCommand" time="12.770"/>
  <system-out/>
</testsuite> <!-- com.obsqura.TestNGProject.PageSourceCommand -->
