<?xml version="1.0" encoding="UTF-8"?>
<!-- Generated by org.testng.reporters.JUnitReportReporter -->
<testsuite hostname="DESKTOP-7G633CK" failures="0" tests="1" name="com.obsqura.TestNGProject.BrowserCommands" time="8.328" errors="0" timestamp="2023-02-14T21:14:25 IST" skipped="0">
  <testcase classname="com.obsqura.TestNGProject.BrowserCommands" name="getTitleCommand" time="8.328"/>
  <system-out/>
</testsuite> <!-- com.obsqura.TestNGProject.BrowserCommands -->
