<?xml version="1.0" encoding="UTF-8"?>
<!-- Generated by org.testng.reporters.JUnitReportReporter -->
<testsuite hostname="DESKTOP-7G633CK" failures="0" tests="1" name="com.obsqura.TestNGProject.RadioButton" time="12.494" errors="0" timestamp="2023-03-03T07:38:27 IST" skipped="0">
  <testcase classname="com.obsqura.TestNGProject.RadioButton" name="radioButtonDemo" time="12.494"/>
  <system-out/>
</testsuite> <!-- com.obsqura.TestNGProject.RadioButton -->
